2026-03-10 18:50:07 | INFO | rd_data | Iniciando execução do script Recent Developments Data.
2026-03-10 18:50:07 | INFO | rd_data | Arquivo de log desta execução: C:\Users\User\OneDrive - Tesouro Nacional\Documentos\Trabalhos\Dívida\Emissão Externa\Recent Developments\RD-dados-automatizados\Coleta de Dados\rd_data_multiarquivo\logs\rd_data_20260310_185007.log
2026-03-10 18:50:07 | INFO | rd_data | Arquivo de log de erros desta execução: C:\Users\User\OneDrive - Tesouro Nacional\Documentos\Trabalhos\Dívida\Emissão Externa\Recent Developments\RD-dados-automatizados\Coleta de Dados\rd_data_multiarquivo\logs\rd_data_errors_20260310_185007.log
2026-03-10 18:50:07 | INFO | rd_data | Arquivo de log rotativo corrente: C:\Users\User\OneDrive - Tesouro Nacional\Documentos\Trabalhos\Dívida\Emissão Externa\Recent Developments\RD-dados-automatizados\Coleta de Dados\rd_data_multiarquivo\logs\current\rd_data_current.log
2026-03-10 18:50:07 | INFO | rd_data | Configuração validada com sucesso.
2026-03-10 18:50:07 | INFO | rd_data | Iniciando coleta de dados SGS mensais, diários e anuais.
2026-03-10 18:51:05 | ERROR | rd_data | Falha na execução do script: Expected object or value
Traceback (most recent call last):
  File "C:\Users\User\OneDrive - Tesouro Nacional\Documentos\Trabalhos\Dívida\Emissão Externa\Recent Developments\RD-dados-automatizados\Coleta de Dados\rd_data_multiarquivo\main.py", line 30, in main
    raw = collect_data(cfg, logger)
  File "C:\Users\User\OneDrive - Tesouro Nacional\Documentos\Trabalhos\Dívida\Emissão Externa\Recent Developments\RD-dados-automatizados\Coleta de Dados\rd_data_multiarquivo\collectors.py", line 11, in collect_data
    dados_mensais_raw = fetch_sgs(cfg["series_mensais"], cfg["START_SGS"])
  File "C:\Users\User\OneDrive - Tesouro Nacional\Documentos\Trabalhos\Dívida\Emissão Externa\Recent Developments\RD-dados-automatizados\Coleta de Dados\rd_data_multiarquivo\utils.py", line 16, in fetch_sgs
    df = sgs.get(list(series.values()), start=start)
  File "C:\Users\User\AppData\Local\Programs\Python\Python314\Lib\site-packages\bcb\sgs\__init__.py", line 138, in get
    df = pd.read_json(StringIO(text))
  File "C:\Users\User\AppData\Local\Programs\Python\Python314\Lib\site-packages\pandas\io\json\_json.py", line 815, in read_json
    return json_reader.read()
           ~~~~~~~~~~~~~~~~^^
  File "C:\Users\User\AppData\Local\Programs\Python\Python314\Lib\site-packages\pandas\io\json\_json.py", line 1014, in read
    obj = self._get_object_parser(self.data)
  File "C:\Users\User\AppData\Local\Programs\Python\Python314\Lib\site-packages\pandas\io\json\_json.py", line 1040, in _get_object_parser
    obj = FrameParser(json, **kwargs).parse()
  File "C:\Users\User\AppData\Local\Programs\Python\Python314\Lib\site-packages\pandas\io\json\_json.py", line 1176, in parse
    self._parse()
    ~~~~~~~~~~~^^
  File "C:\Users\User\AppData\Local\Programs\Python\Python314\Lib\site-packages\pandas\io\json\_json.py", line 1392, in _parse
    ujson_loads(json, precise_float=self.precise_float), dtype=None
    ~~~~~~~~~~~^^^^^^^^^^^^^^^^^^^^^^^^^^^^^^^^^^^^^^^^
ValueError: Expected object or value
2026-03-10 18:56:47 | INFO | rd_data | Iniciando execução do script Recent Developments Data.
2026-03-10 18:56:47 | INFO | rd_data | Arquivo de log desta execução: C:\Users\User\OneDrive - Tesouro Nacional\Documentos\Trabalhos\Dívida\Emissão Externa\Recent Developments\RD-dados-automatizados\Coleta de Dados\rd_data_multiarquivo\logs\rd_data_20260310_185647.log
2026-03-10 18:56:47 | INFO | rd_data | Arquivo de log de erros desta execução: C:\Users\User\OneDrive - Tesouro Nacional\Documentos\Trabalhos\Dívida\Emissão Externa\Recent Developments\RD-dados-automatizados\Coleta de Dados\rd_data_multiarquivo\logs\rd_data_errors_20260310_185647.log
2026-03-10 18:56:47 | INFO | rd_data | Arquivo de log rotativo corrente: C:\Users\User\OneDrive - Tesouro Nacional\Documentos\Trabalhos\Dívida\Emissão Externa\Recent Developments\RD-dados-automatizados\Coleta de Dados\rd_data_multiarquivo\logs\current\rd_data_current.log
2026-03-10 18:56:47 | INFO | rd_data | Configuração validada com sucesso.
2026-03-10 18:56:47 | INFO | rd_data | Iniciando coleta de dados SGS mensais, diários e anuais.
2026-03-10 18:56:47 | ERROR | rd_data | Falha na execução do script: get() got an unexpected keyword argument 'output'
Traceback (most recent call last):
  File "C:\Users\User\OneDrive - Tesouro Nacional\Documentos\Trabalhos\Dívida\Emissão Externa\Recent Developments\RD-dados-automatizados\Coleta de Dados\rd_data_multiarquivo\main.py", line 30, in main
    raw = collect_data(cfg, logger)
  File "C:\Users\User\OneDrive - Tesouro Nacional\Documentos\Trabalhos\Dívida\Emissão Externa\Recent Developments\RD-dados-automatizados\Coleta de Dados\rd_data_multiarquivo\collectors.py", line 11, in collect_data
    dados_mensais_raw = fetch_sgs(cfg["series_mensais"], cfg["START_SGS"])
  File "C:\Users\User\OneDrive - Tesouro Nacional\Documentos\Trabalhos\Dívida\Emissão Externa\Recent Developments\RD-dados-automatizados\Coleta de Dados\rd_data_multiarquivo\utils.py", line 28, in fetch_sgs
    raws = sgs.get(list(series.values()), start=start, output="text")
TypeError: get() got an unexpected keyword argument 'output'
2026-03-10 18:56:52 | INFO | rd_data | Iniciando execução do script Recent Developments Data.
2026-03-10 18:56:52 | INFO | rd_data | Arquivo de log desta execução: C:\Users\User\OneDrive - Tesouro Nacional\Documentos\Trabalhos\Dívida\Emissão Externa\Recent Developments\RD-dados-automatizados\Coleta de Dados\rd_data_multiarquivo\logs\rd_data_20260310_185652.log
2026-03-10 18:56:52 | INFO | rd_data | Arquivo de log de erros desta execução: C:\Users\User\OneDrive - Tesouro Nacional\Documentos\Trabalhos\Dívida\Emissão Externa\Recent Developments\RD-dados-automatizados\Coleta de Dados\rd_data_multiarquivo\logs\rd_data_errors_20260310_185652.log
2026-03-10 18:56:52 | INFO | rd_data | Arquivo de log rotativo corrente: C:\Users\User\OneDrive - Tesouro Nacional\Documentos\Trabalhos\Dívida\Emissão Externa\Recent Developments\RD-dados-automatizados\Coleta de Dados\rd_data_multiarquivo\logs\current\rd_data_current.log
2026-03-10 18:56:52 | INFO | rd_data | Configuração validada com sucesso.
2026-03-10 18:56:52 | INFO | rd_data | Iniciando coleta de dados SGS mensais, diários e anuais.
2026-03-10 18:56:52 | ERROR | rd_data | Falha na execução do script: get() got an unexpected keyword argument 'output'
Traceback (most recent call last):
  File "C:\Users\User\OneDrive - Tesouro Nacional\Documentos\Trabalhos\Dívida\Emissão Externa\Recent Developments\RD-dados-automatizados\Coleta de Dados\rd_data_multiarquivo\main.py", line 30, in main
    raw = collect_data(cfg, logger)
  File "C:\Users\User\OneDrive - Tesouro Nacional\Documentos\Trabalhos\Dívida\Emissão Externa\Recent Developments\RD-dados-automatizados\Coleta de Dados\rd_data_multiarquivo\collectors.py", line 11, in collect_data
    dados_mensais_raw = fetch_sgs(cfg["series_mensais"], cfg["START_SGS"])
  File "C:\Users\User\OneDrive - Tesouro Nacional\Documentos\Trabalhos\Dívida\Emissão Externa\Recent Developments\RD-dados-automatizados\Coleta de Dados\rd_data_multiarquivo\utils.py", line 28, in fetch_sgs
    raws = sgs.get(list(series.values()), start=start, output="text")
TypeError: get() got an unexpected keyword argument 'output'
2026-03-10 18:57:09 | INFO | rd_data | Iniciando execução do script Recent Developments Data.
2026-03-10 18:57:09 | INFO | rd_data | Arquivo de log desta execução: C:\Users\User\OneDrive - Tesouro Nacional\Documentos\Trabalhos\Dívida\Emissão Externa\Recent Developments\RD-dados-automatizados\Coleta de Dados\rd_data_multiarquivo\logs\rd_data_20260310_185709.log
2026-03-10 18:57:09 | INFO | rd_data | Arquivo de log de erros desta execução: C:\Users\User\OneDrive - Tesouro Nacional\Documentos\Trabalhos\Dívida\Emissão Externa\Recent Developments\RD-dados-automatizados\Coleta de Dados\rd_data_multiarquivo\logs\rd_data_errors_20260310_185709.log
2026-03-10 18:57:09 | INFO | rd_data | Arquivo de log rotativo corrente: C:\Users\User\OneDrive - Tesouro Nacional\Documentos\Trabalhos\Dívida\Emissão Externa\Recent Developments\RD-dados-automatizados\Coleta de Dados\rd_data_multiarquivo\logs\current\rd_data_current.log
2026-03-10 18:57:09 | INFO | rd_data | Configuração validada com sucesso.
2026-03-10 18:57:09 | INFO | rd_data | Iniciando coleta de dados SGS mensais, diários e anuais.
2026-03-10 18:57:09 | ERROR | rd_data | Falha na execução do script: get() got an unexpected keyword argument 'output'
Traceback (most recent call last):
  File "C:\Users\User\OneDrive - Tesouro Nacional\Documentos\Trabalhos\Dívida\Emissão Externa\Recent Developments\RD-dados-automatizados\Coleta de Dados\rd_data_multiarquivo\main.py", line 30, in main
    raw = collect_data(cfg, logger)
  File "C:\Users\User\OneDrive - Tesouro Nacional\Documentos\Trabalhos\Dívida\Emissão Externa\Recent Developments\RD-dados-automatizados\Coleta de Dados\rd_data_multiarquivo\collectors.py", line 11, in collect_data
    dados_mensais_raw = fetch_sgs(cfg["series_mensais"], cfg["START_SGS"])
  File "C:\Users\User\OneDrive - Tesouro Nacional\Documentos\Trabalhos\Dívida\Emissão Externa\Recent Developments\RD-dados-automatizados\Coleta de Dados\rd_data_multiarquivo\utils.py", line 28, in fetch_sgs
    raws = sgs.get(list(series.values()), start=start, output="text")
TypeError: get() got an unexpected keyword argument 'output'
2026-03-21 10:51:01 | INFO | rd_data | Iniciando execução do script Recent Developments Data.
2026-03-21 10:51:01 | INFO | rd_data | Arquivo de log desta execução: /Users/Renato/Library/CloudStorage/OneDrive-TesouroNacional/Documentos/Trabalhos/COGEP/Emissão Externa/Recent Developments/RD-dados-automatizados/Coleta de Dados/rd_data_multiarquivo/logs/rd_data_20260321_105101.log
2026-03-21 10:51:01 | INFO | rd_data | Arquivo de log de erros desta execução: /Users/Renato/Library/CloudStorage/OneDrive-TesouroNacional/Documentos/Trabalhos/COGEP/Emissão Externa/Recent Developments/RD-dados-automatizados/Coleta de Dados/rd_data_multiarquivo/logs/rd_data_errors_20260321_105101.log
2026-03-21 10:51:01 | INFO | rd_data | Arquivo de log rotativo corrente: /Users/Renato/Library/CloudStorage/OneDrive-TesouroNacional/Documentos/Trabalhos/COGEP/Emissão Externa/Recent Developments/RD-dados-automatizados/Coleta de Dados/rd_data_multiarquivo/logs/current/rd_data_current.log
2026-03-21 10:51:01 | INFO | rd_data | Configuração validada com sucesso.
2026-03-21 10:51:01 | INFO | rd_data | Iniciando coleta de dados SGS mensais, diários e anuais.
2026-03-21 10:51:01 | ERROR | rd_data | Falha na execução do script: get() got an unexpected keyword argument 'output'
Traceback (most recent call last):
  File "/Users/Renato/Library/CloudStorage/OneDrive-TesouroNacional/Documentos/Trabalhos/COGEP/Emissão Externa/Recent Developments/RD-dados-automatizados/Coleta de Dados/rd_data_multiarquivo/main.py", line 30, in main
    raw = collect_data(cfg, logger)
  File "/Users/Renato/Library/CloudStorage/OneDrive-TesouroNacional/Documentos/Trabalhos/COGEP/Emissão Externa/Recent Developments/RD-dados-automatizados/Coleta de Dados/rd_data_multiarquivo/collectors.py", line 11, in collect_data
    dados_mensais_raw = fetch_sgs(cfg["series_mensais"], cfg["START_SGS"])
  File "/Users/Renato/Library/CloudStorage/OneDrive-TesouroNacional/Documentos/Trabalhos/COGEP/Emissão Externa/Recent Developments/RD-dados-automatizados/Coleta de Dados/rd_data_multiarquivo/utils.py", line 28, in fetch_sgs
    raws = sgs.get(list(series.values()), start=start, output="text")
TypeError: get() got an unexpected keyword argument 'output'
2026-03-21 10:51:17 | INFO | rd_data | Iniciando execução do script Recent Developments Data.
2026-03-21 10:51:17 | INFO | rd_data | Arquivo de log desta execução: /Users/Renato/Library/CloudStorage/OneDrive-TesouroNacional/Documentos/Trabalhos/COGEP/Emissão Externa/Recent Developments/RD-dados-automatizados/Coleta de Dados/rd_data_multiarquivo/logs/rd_data_20260321_105117.log
2026-03-21 10:51:17 | INFO | rd_data | Arquivo de log de erros desta execução: /Users/Renato/Library/CloudStorage/OneDrive-TesouroNacional/Documentos/Trabalhos/COGEP/Emissão Externa/Recent Developments/RD-dados-automatizados/Coleta de Dados/rd_data_multiarquivo/logs/rd_data_errors_20260321_105117.log
2026-03-21 10:51:17 | INFO | rd_data | Arquivo de log rotativo corrente: /Users/Renato/Library/CloudStorage/OneDrive-TesouroNacional/Documentos/Trabalhos/COGEP/Emissão Externa/Recent Developments/RD-dados-automatizados/Coleta de Dados/rd_data_multiarquivo/logs/current/rd_data_current.log
2026-03-21 10:51:17 | INFO | rd_data | Configuração validada com sucesso.
2026-03-21 10:51:17 | INFO | rd_data | Iniciando coleta de dados SGS mensais, diários e anuais.
2026-03-21 10:51:17 | ERROR | rd_data | Falha na execução do script: get() got an unexpected keyword argument 'output'
Traceback (most recent call last):
  File "/Users/Renato/Library/CloudStorage/OneDrive-TesouroNacional/Documentos/Trabalhos/COGEP/Emissão Externa/Recent Developments/RD-dados-automatizados/Coleta de Dados/rd_data_multiarquivo/main.py", line 30, in main
    raw = collect_data(cfg, logger)
  File "/Users/Renato/Library/CloudStorage/OneDrive-TesouroNacional/Documentos/Trabalhos/COGEP/Emissão Externa/Recent Developments/RD-dados-automatizados/Coleta de Dados/rd_data_multiarquivo/collectors.py", line 11, in collect_data
    dados_mensais_raw = fetch_sgs(cfg["series_mensais"], cfg["START_SGS"])
  File "/Users/Renato/Library/CloudStorage/OneDrive-TesouroNacional/Documentos/Trabalhos/COGEP/Emissão Externa/Recent Developments/RD-dados-automatizados/Coleta de Dados/rd_data_multiarquivo/utils.py", line 28, in fetch_sgs
    raws = sgs.get(list(series.values()), start=start, output="text")
TypeError: get() got an unexpected keyword argument 'output'
2026-03-21 10:53:48 | INFO | rd_data | Iniciando execução do script Recent Developments Data.
2026-03-21 10:53:48 | INFO | rd_data | Arquivo de log desta execução: /Users/Renato/Library/CloudStorage/OneDrive-TesouroNacional/Documentos/Trabalhos/COGEP/Emissão Externa/Recent Developments/RD-dados-automatizados/Coleta de Dados/rd_data_multiarquivo/logs/rd_data_20260321_105348.log
2026-03-21 10:53:48 | INFO | rd_data | Arquivo de log de erros desta execução: /Users/Renato/Library/CloudStorage/OneDrive-TesouroNacional/Documentos/Trabalhos/COGEP/Emissão Externa/Recent Developments/RD-dados-automatizados/Coleta de Dados/rd_data_multiarquivo/logs/rd_data_errors_20260321_105348.log
2026-03-21 10:53:48 | INFO | rd_data | Arquivo de log rotativo corrente: /Users/Renato/Library/CloudStorage/OneDrive-TesouroNacional/Documentos/Trabalhos/COGEP/Emissão Externa/Recent Developments/RD-dados-automatizados/Coleta de Dados/rd_data_multiarquivo/logs/current/rd_data_current.log
2026-03-21 10:53:48 | INFO | rd_data | Configuração validada com sucesso.
2026-03-21 10:53:48 | INFO | rd_data | Iniciando coleta de dados SGS mensais, diários e anuais.
2026-03-21 10:54:20 | INFO | rd_data | Coleta mensal concluída com 87 linhas e 31 colunas.
2026-03-21 10:54:31 | INFO | rd_data | Coleta diária concluída com 1814 linhas e 1 colunas.
2026-03-21 10:54:39 | INFO | rd_data | Coleta anual concluída com 7 linhas e 13 colunas.
2026-03-21 10:54:39 | INFO | rd_data | Coletando séries SIDRA de população e desemprego.
2026-03-21 10:54:40 | INFO | rd_data | Extraindo DPF do arquivo RMD: Anexo RMD_Janeiro_26.xlsx
2026-03-21 10:54:40 | ERROR | rd_data | Falha na execução do script: [Errno 2] No such file or directory: 'Anexo RMD_Janeiro_26.xlsx'
Traceback (most recent call last):
  File "/Users/Renato/Library/CloudStorage/OneDrive-TesouroNacional/Documentos/Trabalhos/COGEP/Emissão Externa/Recent Developments/RD-dados-automatizados/Coleta de Dados/rd_data_multiarquivo/main.py", line 30, in main
    raw = collect_data(cfg, logger)
  File "/Users/Renato/Library/CloudStorage/OneDrive-TesouroNacional/Documentos/Trabalhos/COGEP/Emissão Externa/Recent Developments/RD-dados-automatizados/Coleta de Dados/rd_data_multiarquivo/collectors.py", line 25, in collect_data
    out_dpf_raw = extrai_dpf_dez(cfg["ARQUIVO_RMD"], cfg["ABA_RMD"], cfg["MES_ALVO"], cfg["ANO_INICIO_RMD"], cfg["PT_MESES"])
  File "/Users/Renato/Library/CloudStorage/OneDrive-TesouroNacional/Documentos/Trabalhos/COGEP/Emissão Externa/Recent Developments/RD-dados-automatizados/Coleta de Dados/rd_data_multiarquivo/utils.py", line 179, in extrai_dpf_dez
    xl = pd.ExcelFile(arquivo, engine="openpyxl")
  File "/Users/Renato/Library/Python/3.9/lib/python/site-packages/pandas/io/excel/_base.py", line 1695, in __init__
    self._reader = self._engines[engine](self._io, storage_options=storage_options)
  File "/Users/Renato/Library/Python/3.9/lib/python/site-packages/pandas/io/excel/_openpyxl.py", line 557, in __init__
    super().__init__(filepath_or_buffer, storage_options=storage_options)
  File "/Users/Renato/Library/Python/3.9/lib/python/site-packages/pandas/io/excel/_base.py", line 535, in __init__
    self.handles = get_handle(
  File "/Users/Renato/Library/Python/3.9/lib/python/site-packages/pandas/io/common.py", line 865, in get_handle
    handle = open(handle, ioargs.mode)
FileNotFoundError: [Errno 2] No such file or directory: 'Anexo RMD_Janeiro_26.xlsx'
2026-03-21 10:55:32 | INFO | rd_data | Iniciando execução do script Recent Developments Data.
2026-03-21 10:55:32 | INFO | rd_data | Arquivo de log desta execução: /Users/Renato/Library/CloudStorage/OneDrive-TesouroNacional/Documentos/Trabalhos/COGEP/Emissão Externa/Recent Developments/RD-dados-automatizados/Coleta de Dados/rd_data_multiarquivo/logs/rd_data_20260321_105532.log
2026-03-21 10:55:32 | INFO | rd_data | Arquivo de log de erros desta execução: /Users/Renato/Library/CloudStorage/OneDrive-TesouroNacional/Documentos/Trabalhos/COGEP/Emissão Externa/Recent Developments/RD-dados-automatizados/Coleta de Dados/rd_data_multiarquivo/logs/rd_data_errors_20260321_105532.log
2026-03-21 10:55:32 | INFO | rd_data | Arquivo de log rotativo corrente: /Users/Renato/Library/CloudStorage/OneDrive-TesouroNacional/Documentos/Trabalhos/COGEP/Emissão Externa/Recent Developments/RD-dados-automatizados/Coleta de Dados/rd_data_multiarquivo/logs/current/rd_data_current.log
2026-03-21 10:55:32 | INFO | rd_data | Configuração validada com sucesso.
2026-03-21 10:55:32 | INFO | rd_data | Iniciando coleta de dados SGS mensais, diários e anuais.
2026-03-21 10:55:40 | INFO | rd_data | Coleta mensal concluída com 87 linhas e 31 colunas.
2026-03-21 10:55:40 | INFO | rd_data | Coleta diária concluída com 1814 linhas e 1 colunas.
2026-03-21 10:55:43 | INFO | rd_data | Coleta anual concluída com 7 linhas e 13 colunas.
2026-03-21 10:55:43 | INFO | rd_data | Coletando séries SIDRA de população e desemprego.
2026-03-21 10:55:44 | INFO | rd_data | Extraindo DPF do arquivo RMD: Anexo RMD_Janeiro_26.xlsx
2026-03-21 10:55:46 | INFO | rd_data | Validação dos dados brutos concluída com sucesso.
2026-03-21 10:55:46 | INFO | rd_data | Iniciando processamento dos dados brutos.
2026-03-21 10:55:46 | INFO | rd_data | Views anuais de PIB e setor externo preparadas.
2026-03-21 10:55:46 | INFO | rd_data | Bloco de câmbio diário preparado com 7 linhas.
2026-03-21 10:55:46 | INFO | rd_data | Blocos mensais preparados: preços=87 linhas, externo=87 linhas, fiscal=87 linhas.
2026-03-21 10:55:46 | INFO | rd_data | Bloco anual de preços e juros preparado com 8 linhas.
2026-03-21 10:55:46 | INFO | rd_data | Saídas anuais complementares preparadas.
2026-03-21 10:55:46 | ERROR | rd_data | Falha na execução do script: cambio_diario: colunas obrigatórias ausentes: ['Data']
Traceback (most recent call last):
  File "/Users/Renato/Library/CloudStorage/OneDrive-TesouroNacional/Documentos/Trabalhos/COGEP/Emissão Externa/Recent Developments/RD-dados-automatizados/Coleta de Dados/rd_data_multiarquivo/main.py", line 31, in main
    processed, warnings = process_data(raw, cfg, logger)
  File "/Users/Renato/Library/CloudStorage/OneDrive-TesouroNacional/Documentos/Trabalhos/COGEP/Emissão Externa/Recent Developments/RD-dados-automatizados/Coleta de Dados/rd_data_multiarquivo/processors.py", line 223, in process_data
    warnings = validate_processed_data(processed)
  File "/Users/Renato/Library/CloudStorage/OneDrive-TesouroNacional/Documentos/Trabalhos/COGEP/Emissão Externa/Recent Developments/RD-dados-automatizados/Coleta de Dados/rd_data_multiarquivo/validators.py", line 86, in validate_processed_data
    require_columns(processed["cambio_diario"], ["Data", "Cambio_diario", "Variacao_cambial_diaria_%"], "cambio_diario")
  File "/Users/Renato/Library/CloudStorage/OneDrive-TesouroNacional/Documentos/Trabalhos/COGEP/Emissão Externa/Recent Developments/RD-dados-automatizados/Coleta de Dados/rd_data_multiarquivo/validators.py", line 9, in require_columns
    raise ValueError(f"{df_name}: colunas obrigatórias ausentes: {missing}")
ValueError: cambio_diario: colunas obrigatórias ausentes: ['Data']
2026-03-21 11:11:04 | INFO | rd_data | Iniciando execução do script Recent Developments Data.
2026-03-21 11:11:04 | INFO | rd_data | Arquivo de log desta execução: /Users/Renato/Library/CloudStorage/OneDrive-TesouroNacional/Documentos/Trabalhos/COGEP/Emissão Externa/Recent Developments/RD-dados-automatizados/Coleta de Dados/rd_data_multiarquivo/logs/rd_data_20260321_111104.log
2026-03-21 11:11:04 | INFO | rd_data | Arquivo de log de erros desta execução: /Users/Renato/Library/CloudStorage/OneDrive-TesouroNacional/Documentos/Trabalhos/COGEP/Emissão Externa/Recent Developments/RD-dados-automatizados/Coleta de Dados/rd_data_multiarquivo/logs/rd_data_errors_20260321_111104.log
2026-03-21 11:11:04 | INFO | rd_data | Arquivo de log rotativo corrente: /Users/Renato/Library/CloudStorage/OneDrive-TesouroNacional/Documentos/Trabalhos/COGEP/Emissão Externa/Recent Developments/RD-dados-automatizados/Coleta de Dados/rd_data_multiarquivo/logs/current/rd_data_current.log
2026-03-21 11:11:04 | INFO | rd_data | Configuração validada com sucesso.
2026-03-21 11:11:04 | INFO | rd_data | Iniciando coleta de dados SGS mensais, diários e anuais.
2026-03-21 11:11:33 | INFO | rd_data | Coleta mensal concluída com 87 linhas e 31 colunas.
2026-03-21 11:11:33 | INFO | rd_data | Coleta diária concluída com 5 linhas e 1 colunas (janela iniciada em 2026-03-14).
2026-03-21 11:11:39 | INFO | rd_data | Coleta anual concluída com 7 linhas e 13 colunas.
2026-03-21 11:11:39 | INFO | rd_data | Coletando séries SIDRA de população e desemprego.
2026-03-21 11:11:40 | INFO | rd_data | Extraindo DPF do arquivo RMD: Anexo RMD_Janeiro_26.xlsx
2026-03-21 11:11:42 | INFO | rd_data | Validação dos dados brutos concluída com sucesso.
2026-03-21 11:11:42 | INFO | rd_data | Iniciando processamento dos dados brutos.
2026-03-21 11:11:42 | INFO | rd_data | Views anuais de PIB e setor externo preparadas.
2026-03-21 11:11:42 | INFO | rd_data | Bloco de câmbio diário preparado com 5 linhas.
2026-03-21 11:11:42 | INFO | rd_data | Blocos mensais preparados: preços=87 linhas, externo=87 linhas, fiscal=87 linhas.
2026-03-21 11:11:42 | INFO | rd_data | Bloco anual de preços e juros preparado com 8 linhas.
2026-03-21 11:11:42 | INFO | rd_data | Saídas anuais complementares preparadas.
2026-03-21 11:11:42 | INFO | rd_data | Validação dos dados processados concluída.
2026-03-21 11:11:42 | INFO | rd_data | Montando tabelas finais de exportação.
2026-03-21 11:11:42 | INFO | rd_data | Tabelas de exportação montadas e validadas com sucesso.
2026-03-21 11:11:42 | INFO | rd_data | Padronizando nomenclatura das colunas exportadas.
2026-03-21 11:11:42 | INFO | rd_data | Padronização de nomenclatura concluída.
2026-03-21 11:11:42 | INFO | rd_data | Iniciando exportação para Excel: /Users/Renato/Library/CloudStorage/OneDrive-TesouroNacional/Documentos/Trabalhos/COGEP/Emissão Externa/Recent Developments/RD-dados-automatizados/Coleta de Dados/rd_data_multiarquivo/Recent Developments Data.xlsx
2026-03-21 11:11:42 | INFO | rd_data | Exportando aba 'Mensal_Precos' com 87 linhas e 14 colunas.
2026-03-21 11:11:42 | INFO | rd_data | Exportando aba 'Mensal_Fiscal' com 87 linhas e 15 colunas.
2026-03-21 11:11:42 | INFO | rd_data | Exportando aba 'câmbio diário' com 5 linhas e 3 colunas.
2026-03-21 11:11:42 | INFO | rd_data | Exportando aba 'Mensal_Externo' com 87 linhas e 11 colunas.
2026-03-21 11:11:42 | INFO | rd_data | Exportando aba 'Trimestral_Pop_Desemp' com 24 linhas e 3 colunas.
2026-03-21 11:11:42 | INFO | rd_data | Exportando aba 'Anual_PIB_Cambio' com 7 linhas e 8 colunas.
2026-03-21 11:11:42 | INFO | rd_data | Exportando aba 'Anual_Precos_Juros' com 8 linhas e 5 colunas.
2026-03-21 11:11:42 | INFO | rd_data | Exportando aba 'Anual_SetorExterno' com 7 linhas e 8 colunas.
2026-03-21 11:11:42 | INFO | rd_data | Exportando aba 'Anual_DPF' com 6 linhas e 5 colunas.
2026-03-21 11:11:42 | INFO | rd_data | Exportando aba 'Anual_Desemprego' com 5 linhas e 2 colunas.
2026-03-21 11:11:42 | INFO | rd_data | Exportação concluída com sucesso.
2026-03-21 11:11:42 | INFO | rd_data | Resumo final da execução:
2026-03-21 11:11:42 | INFO | rd_data | - arquivo Excel: /Users/Renato/Library/CloudStorage/OneDrive-TesouroNacional/Documentos/Trabalhos/COGEP/Emissão Externa/Recent Developments/RD-dados-automatizados/Coleta de Dados/rd_data_multiarquivo/Recent Developments Data.xlsx
2026-03-21 11:11:42 | INFO | rd_data | - arquivo de log da execução: /Users/Renato/Library/CloudStorage/OneDrive-TesouroNacional/Documentos/Trabalhos/COGEP/Emissão Externa/Recent Developments/RD-dados-automatizados/Coleta de Dados/rd_data_multiarquivo/logs/rd_data_20260321_111104.log
2026-03-21 11:11:42 | INFO | rd_data | - arquivo de log de erros: /Users/Renato/Library/CloudStorage/OneDrive-TesouroNacional/Documentos/Trabalhos/COGEP/Emissão Externa/Recent Developments/RD-dados-automatizados/Coleta de Dados/rd_data_multiarquivo/logs/rd_data_errors_20260321_111104.log
2026-03-21 11:11:42 | INFO | rd_data | - arquivo de log rotativo: /Users/Renato/Library/CloudStorage/OneDrive-TesouroNacional/Documentos/Trabalhos/COGEP/Emissão Externa/Recent Developments/RD-dados-automatizados/Coleta de Dados/rd_data_multiarquivo/logs/current/rd_data_current.log
2026-03-21 11:11:42 | INFO | rd_data | - total de abas exportadas: 10
2026-03-21 11:11:42 | INFO | rd_data | - total de linhas exportadas: 323
2026-03-21 11:11:42 | INFO | rd_data | - total de colunas exportadas: 74
2026-03-21 11:11:42 | INFO | rd_data | - tempo total (s): 38.409
2026-03-21 11:11:42 | INFO | rd_data | Validações concluídas sem avisos.
2026-03-21 11:31:04 | INFO | rd_data | Iniciando execução do script Recent Developments Data.
2026-03-21 11:31:04 | INFO | rd_data | Arquivo de log desta execução: /Users/Renato/Library/CloudStorage/OneDrive-TesouroNacional/Documentos/Trabalhos/COGEP/Emissão Externa/Recent Developments/RD-dados-automatizados/Coleta de Dados/rd_data_multiarquivo/logs/rd_data_20260321_113104.log
2026-03-21 11:31:04 | INFO | rd_data | Arquivo de log de erros desta execução: /Users/Renato/Library/CloudStorage/OneDrive-TesouroNacional/Documentos/Trabalhos/COGEP/Emissão Externa/Recent Developments/RD-dados-automatizados/Coleta de Dados/rd_data_multiarquivo/logs/rd_data_errors_20260321_113104.log
2026-03-21 11:31:04 | INFO | rd_data | Arquivo de log rotativo corrente: /Users/Renato/Library/CloudStorage/OneDrive-TesouroNacional/Documentos/Trabalhos/COGEP/Emissão Externa/Recent Developments/RD-dados-automatizados/Coleta de Dados/rd_data_multiarquivo/logs/current/rd_data_current.log
2026-03-21 11:31:04 | INFO | rd_data | Configuração validada com sucesso.
2026-03-21 11:31:04 | INFO | rd_data | Iniciando coleta de dados SGS mensais, diários e anuais.
2026-03-21 11:31:34 | INFO | rd_data | Coleta mensal concluída com 87 linhas e 31 colunas.
2026-03-21 11:31:34 | INFO | rd_data | Coleta diária concluída com 5 linhas e 1 colunas (janela iniciada em 2026-03-14).
2026-03-21 11:31:42 | INFO | rd_data | Coleta anual concluída com 7 linhas e 13 colunas.
2026-03-21 11:31:42 | INFO | rd_data | Coletando séries SIDRA de população e desemprego.
2026-03-21 11:31:43 | INFO | rd_data | Extraindo DPF do arquivo RMD: Anexo RMD_Janeiro_26.xlsx
2026-03-21 11:31:45 | INFO | rd_data | Validação dos dados brutos concluída com sucesso.
2026-03-21 11:31:45 | INFO | rd_data | Iniciando processamento dos dados brutos.
2026-03-21 11:31:45 | INFO | rd_data | Views anuais de PIB e setor externo preparadas.
2026-03-21 11:31:45 | INFO | rd_data | Bloco de câmbio diário preparado com 5 linhas.
2026-03-21 11:31:45 | INFO | rd_data | Blocos mensais preparados: preços=87 linhas, externo=87 linhas, fiscal=87 linhas.
2026-03-21 11:31:45 | INFO | rd_data | Bloco anual de preços e juros preparado com 8 linhas.
2026-03-21 11:31:45 | INFO | rd_data | Saídas anuais complementares preparadas.
2026-03-21 11:31:45 | INFO | rd_data | Validação dos dados processados concluída.
2026-03-21 11:31:45 | INFO | rd_data | Montando tabelas finais de exportação.
2026-03-21 11:31:45 | INFO | rd_data | Tabelas de exportação montadas e validadas com sucesso.
2026-03-21 11:31:45 | INFO | rd_data | Padronizando nomenclatura das colunas exportadas.
2026-03-21 11:31:45 | INFO | rd_data | Padronização de nomenclatura concluída.
2026-03-21 11:31:45 | INFO | rd_data | Iniciando exportação para Excel: /Users/Renato/Library/CloudStorage/OneDrive-TesouroNacional/Documentos/Trabalhos/COGEP/Emissão Externa/Recent Developments/RD-dados-automatizados/Coleta de Dados/rd_data_multiarquivo/Recent Developments Data.xlsx
2026-03-21 11:31:45 | INFO | rd_data | Exportando aba 'Mensal_Monetario' com 87 linhas e 12 colunas.
2026-03-21 11:31:45 | INFO | rd_data | Exportando aba 'Mensal_Fiscal' com 87 linhas e 15 colunas.
2026-03-21 11:31:45 | INFO | rd_data | Exportando aba 'câmbio diário' com 5 linhas e 3 colunas.
2026-03-21 11:31:45 | INFO | rd_data | Exportando aba 'Mensal_Externo' com 87 linhas e 13 colunas.
2026-03-21 11:31:45 | INFO | rd_data | Exportando aba 'Trimestral_Pop_Desemp' com 24 linhas e 3 colunas.
2026-03-21 11:31:45 | INFO | rd_data | Exportando aba 'Anual_PIB_Cambio' com 7 linhas e 13 colunas.
2026-03-21 11:31:45 | INFO | rd_data | Exportando aba 'Anual_Precos_Juros' com 8 linhas e 5 colunas.
2026-03-21 11:31:45 | INFO | rd_data | Exportando aba 'Anual_SetorExterno' com 7 linhas e 8 colunas.
2026-03-21 11:31:45 | INFO | rd_data | Exportação concluída com sucesso.
2026-03-21 11:31:45 | INFO | rd_data | Resumo final da execução:
2026-03-21 11:31:45 | INFO | rd_data | - arquivo Excel: /Users/Renato/Library/CloudStorage/OneDrive-TesouroNacional/Documentos/Trabalhos/COGEP/Emissão Externa/Recent Developments/RD-dados-automatizados/Coleta de Dados/rd_data_multiarquivo/Recent Developments Data.xlsx
2026-03-21 11:31:45 | INFO | rd_data | - arquivo de log da execução: /Users/Renato/Library/CloudStorage/OneDrive-TesouroNacional/Documentos/Trabalhos/COGEP/Emissão Externa/Recent Developments/RD-dados-automatizados/Coleta de Dados/rd_data_multiarquivo/logs/rd_data_20260321_113104.log
2026-03-21 11:31:45 | INFO | rd_data | - arquivo de log de erros: /Users/Renato/Library/CloudStorage/OneDrive-TesouroNacional/Documentos/Trabalhos/COGEP/Emissão Externa/Recent Developments/RD-dados-automatizados/Coleta de Dados/rd_data_multiarquivo/logs/rd_data_errors_20260321_113104.log
2026-03-21 11:31:45 | INFO | rd_data | - arquivo de log rotativo: /Users/Renato/Library/CloudStorage/OneDrive-TesouroNacional/Documentos/Trabalhos/COGEP/Emissão Externa/Recent Developments/RD-dados-automatizados/Coleta de Dados/rd_data_multiarquivo/logs/current/rd_data_current.log
2026-03-21 11:31:45 | INFO | rd_data | - total de abas exportadas: 8
2026-03-21 11:31:45 | INFO | rd_data | - total de linhas exportadas: 312
2026-03-21 11:31:45 | INFO | rd_data | - total de colunas exportadas: 72
2026-03-21 11:31:45 | INFO | rd_data | - tempo total (s): 41.011
2026-03-21 11:31:45 | INFO | rd_data | Validações concluídas sem avisos.
2026-03-21 11:35:51 | INFO | rd_data | Iniciando execução do script Recent Developments Data.
2026-03-21 11:35:51 | INFO | rd_data | Arquivo de log desta execução: /Users/Renato/Library/CloudStorage/OneDrive-TesouroNacional/Documentos/Trabalhos/COGEP/Emissão Externa/Recent Developments/RD-dados-automatizados/Coleta de Dados/rd_data_multiarquivo/logs/rd_data_20260321_113551.log
2026-03-21 11:35:51 | INFO | rd_data | Arquivo de log de erros desta execução: /Users/Renato/Library/CloudStorage/OneDrive-TesouroNacional/Documentos/Trabalhos/COGEP/Emissão Externa/Recent Developments/RD-dados-automatizados/Coleta de Dados/rd_data_multiarquivo/logs/rd_data_errors_20260321_113551.log
2026-03-21 11:35:51 | INFO | rd_data | Arquivo de log rotativo corrente: /Users/Renato/Library/CloudStorage/OneDrive-TesouroNacional/Documentos/Trabalhos/COGEP/Emissão Externa/Recent Developments/RD-dados-automatizados/Coleta de Dados/rd_data_multiarquivo/logs/current/rd_data_current.log
2026-03-21 11:35:51 | INFO | rd_data | Configuração validada com sucesso.
2026-03-21 11:35:51 | INFO | rd_data | Iniciando coleta de dados SGS mensais, diários e anuais.
2026-03-21 11:35:59 | INFO | rd_data | Coleta mensal concluída com 87 linhas e 31 colunas.
2026-03-21 11:35:59 | INFO | rd_data | Coleta diária concluída com 5 linhas e 1 colunas (janela iniciada em 2026-03-14).
2026-03-21 11:36:02 | INFO | rd_data | Coleta anual concluída com 7 linhas e 13 colunas.
2026-03-21 11:36:02 | INFO | rd_data | Coletando séries SIDRA de população e desemprego.
2026-03-21 11:36:02 | INFO | rd_data | Extraindo DPF do arquivo RMD: Anexo RMD_Janeiro_26.xlsx
2026-03-21 11:36:05 | INFO | rd_data | Validação dos dados brutos concluída com sucesso.
2026-03-21 11:36:05 | INFO | rd_data | Iniciando processamento dos dados brutos.
2026-03-21 11:36:05 | INFO | rd_data | Views anuais de PIB e setor externo preparadas.
2026-03-21 11:36:05 | INFO | rd_data | Bloco de câmbio diário preparado com 5 linhas.
2026-03-21 11:36:05 | INFO | rd_data | Blocos mensais preparados: preços=87 linhas, externo=87 linhas, fiscal=87 linhas.
2026-03-21 11:36:05 | INFO | rd_data | Bloco anual de preços e juros preparado com 8 linhas.
2026-03-21 11:36:05 | INFO | rd_data | Saídas anuais complementares preparadas.
2026-03-21 11:36:05 | INFO | rd_data | Validação dos dados processados concluída.
2026-03-21 11:36:05 | INFO | rd_data | Montando tabelas finais de exportação.
2026-03-21 11:36:05 | INFO | rd_data | Tabelas de exportação montadas e validadas com sucesso.
2026-03-21 11:36:05 | INFO | rd_data | Padronizando nomenclatura das colunas exportadas.
2026-03-21 11:36:05 | INFO | rd_data | Padronização de nomenclatura concluída.
2026-03-21 11:36:05 | INFO | rd_data | Iniciando exportação para Excel: /Users/Renato/Library/CloudStorage/OneDrive-TesouroNacional/Documentos/Trabalhos/COGEP/Emissão Externa/Recent Developments/RD-dados-automatizados/Coleta de Dados/rd_data_multiarquivo/Recent Developments Data.xlsx
2026-03-21 11:36:05 | INFO | rd_data | Exportando aba 'Mensal_Monetario' com 87 linhas e 12 colunas.
2026-03-21 11:36:05 | INFO | rd_data | Exportando aba 'Mensal_Fiscal' com 87 linhas e 15 colunas.
2026-03-21 11:36:05 | INFO | rd_data | Exportando aba 'câmbio diário' com 5 linhas e 3 colunas.
2026-03-21 11:36:05 | INFO | rd_data | Exportando aba 'Mensal_Externo' com 87 linhas e 13 colunas.
2026-03-21 11:36:05 | INFO | rd_data | Exportando aba 'Trimestral_Pop_Desemp' com 24 linhas e 3 colunas.
2026-03-21 11:36:05 | INFO | rd_data | Exportando aba 'Anual_PIB_Cambio' com 7 linhas e 13 colunas.
2026-03-21 11:36:05 | INFO | rd_data | Exportando aba 'Anual_Precos_Juros' com 8 linhas e 5 colunas.
2026-03-21 11:36:05 | INFO | rd_data | Exportando aba 'Anual_SetorExterno' com 7 linhas e 8 colunas.
2026-03-21 11:36:05 | INFO | rd_data | Exportação concluída com sucesso.
2026-03-21 11:36:05 | INFO | rd_data | Resumo final da execução:
2026-03-21 11:36:05 | INFO | rd_data | - arquivo Excel: /Users/Renato/Library/CloudStorage/OneDrive-TesouroNacional/Documentos/Trabalhos/COGEP/Emissão Externa/Recent Developments/RD-dados-automatizados/Coleta de Dados/rd_data_multiarquivo/Recent Developments Data.xlsx
2026-03-21 11:36:05 | INFO | rd_data | - arquivo de log da execução: /Users/Renato/Library/CloudStorage/OneDrive-TesouroNacional/Documentos/Trabalhos/COGEP/Emissão Externa/Recent Developments/RD-dados-automatizados/Coleta de Dados/rd_data_multiarquivo/logs/rd_data_20260321_113551.log
2026-03-21 11:36:05 | INFO | rd_data | - arquivo de log de erros: /Users/Renato/Library/CloudStorage/OneDrive-TesouroNacional/Documentos/Trabalhos/COGEP/Emissão Externa/Recent Developments/RD-dados-automatizados/Coleta de Dados/rd_data_multiarquivo/logs/rd_data_errors_20260321_113551.log
2026-03-21 11:36:05 | INFO | rd_data | - arquivo de log rotativo: /Users/Renato/Library/CloudStorage/OneDrive-TesouroNacional/Documentos/Trabalhos/COGEP/Emissão Externa/Recent Developments/RD-dados-automatizados/Coleta de Dados/rd_data_multiarquivo/logs/current/rd_data_current.log
2026-03-21 11:36:05 | INFO | rd_data | - total de abas exportadas: 8
2026-03-21 11:36:05 | INFO | rd_data | - total de linhas exportadas: 312
2026-03-21 11:36:05 | INFO | rd_data | - total de colunas exportadas: 72
2026-03-21 11:36:05 | INFO | rd_data | - tempo total (s): 13.601
2026-03-21 11:36:05 | INFO | rd_data | Validações concluídas sem avisos.
2026-03-21 11:42:32 | INFO | rd_data | Iniciando execução do script Recent Developments Data.
2026-03-21 11:42:32 | INFO | rd_data | Arquivo de log desta execução: /Users/Renato/Library/CloudStorage/OneDrive-TesouroNacional/Documentos/Trabalhos/COGEP/Emissão Externa/Recent Developments/RD-dados-automatizados/Coleta de Dados/rd_data_multiarquivo/logs/rd_data_20260321_114232.log
2026-03-21 11:42:32 | INFO | rd_data | Arquivo de log de erros desta execução: /Users/Renato/Library/CloudStorage/OneDrive-TesouroNacional/Documentos/Trabalhos/COGEP/Emissão Externa/Recent Developments/RD-dados-automatizados/Coleta de Dados/rd_data_multiarquivo/logs/rd_data_errors_20260321_114232.log
2026-03-21 11:42:32 | INFO | rd_data | Arquivo de log rotativo corrente: /Users/Renato/Library/CloudStorage/OneDrive-TesouroNacional/Documentos/Trabalhos/COGEP/Emissão Externa/Recent Developments/RD-dados-automatizados/Coleta de Dados/rd_data_multiarquivo/logs/current/rd_data_current.log
2026-03-21 11:42:32 | INFO | rd_data | Configuração validada com sucesso.
2026-03-21 11:42:32 | INFO | rd_data | Iniciando coleta de dados SGS mensais, diários e anuais.
2026-03-21 11:42:39 | INFO | rd_data | Coleta mensal concluída com 87 linhas e 31 colunas.
2026-03-21 11:42:40 | INFO | rd_data | Coleta diária concluída com 5 linhas e 1 colunas (janela iniciada em 2026-03-14).
2026-03-21 11:42:42 | INFO | rd_data | Coleta anual concluída com 7 linhas e 13 colunas.
2026-03-21 11:42:42 | INFO | rd_data | Coletando séries SIDRA de população e desemprego.
2026-03-21 11:42:43 | INFO | rd_data | Extraindo DPF do arquivo RMD: Anexo RMD_Janeiro_26.xlsx
2026-03-21 11:42:46 | INFO | rd_data | Validação dos dados brutos concluída com sucesso.
2026-03-21 11:42:46 | INFO | rd_data | Iniciando processamento dos dados brutos.
2026-03-21 11:42:46 | INFO | rd_data | Views anuais de PIB e setor externo preparadas.
2026-03-21 11:42:46 | INFO | rd_data | Bloco de câmbio diário preparado com 5 linhas.
2026-03-21 11:42:46 | INFO | rd_data | Blocos mensais preparados: preços=87 linhas, externo=87 linhas, fiscal=87 linhas.
2026-03-21 11:42:46 | INFO | rd_data | Bloco anual de preços e juros preparado com 8 linhas.
2026-03-21 11:42:46 | INFO | rd_data | Saídas anuais complementares preparadas.
2026-03-21 11:42:46 | INFO | rd_data | Validação dos dados processados concluída.
2026-03-21 11:42:46 | INFO | rd_data | Montando tabelas finais de exportação.
2026-03-21 11:42:46 | INFO | rd_data | Tabelas de exportação montadas e validadas com sucesso.
2026-03-21 11:42:46 | INFO | rd_data | Padronizando nomenclatura das colunas exportadas.
2026-03-21 11:42:46 | INFO | rd_data | Padronização de nomenclatura concluída.
2026-03-21 11:42:46 | INFO | rd_data | Iniciando exportação para Excel: /Users/Renato/Library/CloudStorage/OneDrive-TesouroNacional/Documentos/Trabalhos/COGEP/Emissão Externa/Recent Developments/RD-dados-automatizados/Coleta de Dados/rd_data_multiarquivo/Recent Developments Data.xlsx
2026-03-21 11:42:46 | INFO | rd_data | Exportando aba 'Mensal_Monetario' com 87 linhas e 12 colunas.
2026-03-21 11:42:46 | INFO | rd_data | Exportando aba 'Mensal_Fiscal' com 87 linhas e 15 colunas.
2026-03-21 11:42:46 | INFO | rd_data | Exportando aba 'câmbio diário' com 5 linhas e 3 colunas.
2026-03-21 11:42:46 | INFO | rd_data | Exportando aba 'Mensal_Externo' com 87 linhas e 13 colunas.
2026-03-21 11:42:46 | INFO | rd_data | Exportando aba 'Trimestral_Pop_Desemp' com 24 linhas e 3 colunas.
2026-03-21 11:42:46 | INFO | rd_data | Exportando aba 'PIB_e_outros' com 7 linhas e 13 colunas.
2026-03-21 11:42:46 | INFO | rd_data | Exportando aba 'Anual_Precos_Juros' com 8 linhas e 5 colunas.
2026-03-21 11:42:46 | INFO | rd_data | Exportando aba 'Anual_SetorExterno' com 7 linhas e 8 colunas.
2026-03-21 11:42:46 | INFO | rd_data | Exportação concluída com sucesso.
2026-03-21 11:42:46 | INFO | rd_data | Resumo final da execução:
2026-03-21 11:42:46 | INFO | rd_data | - arquivo Excel: /Users/Renato/Library/CloudStorage/OneDrive-TesouroNacional/Documentos/Trabalhos/COGEP/Emissão Externa/Recent Developments/RD-dados-automatizados/Coleta de Dados/rd_data_multiarquivo/Recent Developments Data.xlsx
2026-03-21 11:42:46 | INFO | rd_data | - arquivo de log da execução: /Users/Renato/Library/CloudStorage/OneDrive-TesouroNacional/Documentos/Trabalhos/COGEP/Emissão Externa/Recent Developments/RD-dados-automatizados/Coleta de Dados/rd_data_multiarquivo/logs/rd_data_20260321_114232.log
2026-03-21 11:42:46 | INFO | rd_data | - arquivo de log de erros: /Users/Renato/Library/CloudStorage/OneDrive-TesouroNacional/Documentos/Trabalhos/COGEP/Emissão Externa/Recent Developments/RD-dados-automatizados/Coleta de Dados/rd_data_multiarquivo/logs/rd_data_errors_20260321_114232.log
2026-03-21 11:42:46 | INFO | rd_data | - arquivo de log rotativo: /Users/Renato/Library/CloudStorage/OneDrive-TesouroNacional/Documentos/Trabalhos/COGEP/Emissão Externa/Recent Developments/RD-dados-automatizados/Coleta de Dados/rd_data_multiarquivo/logs/current/rd_data_current.log
2026-03-21 11:42:46 | INFO | rd_data | - total de abas exportadas: 8
2026-03-21 11:42:46 | INFO | rd_data | - total de linhas exportadas: 312
2026-03-21 11:42:46 | INFO | rd_data | - total de colunas exportadas: 72
2026-03-21 11:42:46 | INFO | rd_data | - tempo total (s): 14.025
2026-03-21 11:42:46 | INFO | rd_data | Validações concluídas sem avisos.
2026-03-21 11:45:26 | INFO | rd_data | Iniciando execução do script Recent Developments Data.
2026-03-21 11:45:26 | INFO | rd_data | Arquivo de log desta execução: /Users/Renato/Library/CloudStorage/OneDrive-TesouroNacional/Documentos/Trabalhos/COGEP/Emissão Externa/Recent Developments/RD-dados-automatizados/Coleta de Dados/rd_data_multiarquivo/logs/rd_data_20260321_114526.log
2026-03-21 11:45:26 | INFO | rd_data | Arquivo de log de erros desta execução: /Users/Renato/Library/CloudStorage/OneDrive-TesouroNacional/Documentos/Trabalhos/COGEP/Emissão Externa/Recent Developments/RD-dados-automatizados/Coleta de Dados/rd_data_multiarquivo/logs/rd_data_errors_20260321_114526.log
2026-03-21 11:45:26 | INFO | rd_data | Arquivo de log rotativo corrente: /Users/Renato/Library/CloudStorage/OneDrive-TesouroNacional/Documentos/Trabalhos/COGEP/Emissão Externa/Recent Developments/RD-dados-automatizados/Coleta de Dados/rd_data_multiarquivo/logs/current/rd_data_current.log
2026-03-21 11:45:26 | INFO | rd_data | Configuração validada com sucesso.
2026-03-21 11:45:26 | INFO | rd_data | Iniciando coleta de dados SGS mensais, diários e anuais.
2026-03-21 11:45:33 | INFO | rd_data | Coleta mensal concluída com 87 linhas e 31 colunas.
2026-03-21 11:45:33 | INFO | rd_data | Coleta diária concluída com 5 linhas e 1 colunas (janela iniciada em 2026-03-14).
2026-03-21 11:45:36 | INFO | rd_data | Coleta anual concluída com 7 linhas e 13 colunas.
2026-03-21 11:45:36 | INFO | rd_data | Coletando séries SIDRA de população e desemprego.
2026-03-21 11:45:37 | INFO | rd_data | Extraindo DPF do arquivo RMD: Anexo RMD_Janeiro_26.xlsx
2026-03-21 11:45:39 | INFO | rd_data | Validação dos dados brutos concluída com sucesso.
2026-03-21 11:45:39 | INFO | rd_data | Iniciando processamento dos dados brutos.
2026-03-21 11:45:39 | INFO | rd_data | Views anuais de PIB e setor externo preparadas.
2026-03-21 11:45:39 | INFO | rd_data | Bloco de câmbio diário preparado com 5 linhas.
2026-03-21 11:45:39 | INFO | rd_data | Blocos mensais preparados: preços=87 linhas, externo=87 linhas, fiscal=87 linhas.
2026-03-21 11:45:39 | INFO | rd_data | Bloco anual de preços e juros preparado com 8 linhas.
2026-03-21 11:45:39 | INFO | rd_data | Saídas anuais complementares preparadas.
2026-03-21 11:45:39 | INFO | rd_data | Validação dos dados processados concluída.
2026-03-21 11:45:39 | INFO | rd_data | Montando tabelas finais de exportação.
2026-03-21 11:45:39 | INFO | rd_data | Tabelas de exportação montadas e validadas com sucesso.
2026-03-21 11:45:39 | INFO | rd_data | Padronizando nomenclatura das colunas exportadas.
2026-03-21 11:45:39 | INFO | rd_data | Padronização de nomenclatura concluída.
2026-03-21 11:45:39 | INFO | rd_data | Iniciando exportação para Excel: /Users/Renato/Library/CloudStorage/OneDrive-TesouroNacional/Documentos/Trabalhos/COGEP/Emissão Externa/Recent Developments/RD-dados-automatizados/Coleta de Dados/rd_data_multiarquivo/Recent Developments Data.xlsx
2026-03-21 11:45:39 | INFO | rd_data | Exportando aba 'Mensal_Monetario' com 87 linhas e 12 colunas.
2026-03-21 11:45:39 | INFO | rd_data | Exportando aba 'Mensal_Fiscal' com 87 linhas e 15 colunas.
2026-03-21 11:45:39 | INFO | rd_data | Exportando aba 'câmbio diário' com 5 linhas e 3 colunas.
2026-03-21 11:45:39 | INFO | rd_data | Exportando aba 'Mensal_Externo' com 87 linhas e 13 colunas.
2026-03-21 11:45:39 | INFO | rd_data | Exportando aba 'Trimestral_Pop_Desemp' com 24 linhas e 3 colunas.
2026-03-21 11:45:39 | INFO | rd_data | Exportando aba 'PIB_e_outros' com 7 linhas e 13 colunas.
2026-03-21 11:45:39 | INFO | rd_data | Exportando aba 'Anual_Precos_Juros' com 8 linhas e 5 colunas.
2026-03-21 11:45:39 | INFO | rd_data | Exportando aba 'Anual_SetorExterno' com 7 linhas e 8 colunas.
2026-03-21 11:45:39 | INFO | rd_data | Exportação concluída com sucesso.
2026-03-21 11:45:39 | INFO | rd_data | Resumo final da execução:
2026-03-21 11:45:39 | INFO | rd_data | - arquivo Excel: /Users/Renato/Library/CloudStorage/OneDrive-TesouroNacional/Documentos/Trabalhos/COGEP/Emissão Externa/Recent Developments/RD-dados-automatizados/Coleta de Dados/rd_data_multiarquivo/Recent Developments Data.xlsx
2026-03-21 11:45:39 | INFO | rd_data | - arquivo de log da execução: /Users/Renato/Library/CloudStorage/OneDrive-TesouroNacional/Documentos/Trabalhos/COGEP/Emissão Externa/Recent Developments/RD-dados-automatizados/Coleta de Dados/rd_data_multiarquivo/logs/rd_data_20260321_114526.log
2026-03-21 11:45:39 | INFO | rd_data | - arquivo de log de erros: /Users/Renato/Library/CloudStorage/OneDrive-TesouroNacional/Documentos/Trabalhos/COGEP/Emissão Externa/Recent Developments/RD-dados-automatizados/Coleta de Dados/rd_data_multiarquivo/logs/rd_data_errors_20260321_114526.log
2026-03-21 11:45:39 | INFO | rd_data | - arquivo de log rotativo: /Users/Renato/Library/CloudStorage/OneDrive-TesouroNacional/Documentos/Trabalhos/COGEP/Emissão Externa/Recent Developments/RD-dados-automatizados/Coleta de Dados/rd_data_multiarquivo/logs/current/rd_data_current.log
2026-03-21 11:45:39 | INFO | rd_data | - total de abas exportadas: 8
2026-03-21 11:45:39 | INFO | rd_data | - total de linhas exportadas: 312
2026-03-21 11:45:39 | INFO | rd_data | - total de colunas exportadas: 72
2026-03-21 11:45:39 | INFO | rd_data | - tempo total (s): 13.271
2026-03-21 11:45:39 | INFO | rd_data | Validações concluídas sem avisos.
2026-03-21 11:50:46 | INFO | rd_data | Iniciando execução do script Recent Developments Data.
2026-03-21 11:50:46 | INFO | rd_data | Arquivo de log desta execução: /Users/Renato/Library/CloudStorage/OneDrive-TesouroNacional/Documentos/Trabalhos/COGEP/Emissão Externa/Recent Developments/RD-dados-automatizados/Coleta de Dados/rd_data_multiarquivo/logs/rd_data_20260321_115046.log
2026-03-21 11:50:46 | INFO | rd_data | Arquivo de log de erros desta execução: /Users/Renato/Library/CloudStorage/OneDrive-TesouroNacional/Documentos/Trabalhos/COGEP/Emissão Externa/Recent Developments/RD-dados-automatizados/Coleta de Dados/rd_data_multiarquivo/logs/rd_data_errors_20260321_115046.log
2026-03-21 11:50:46 | INFO | rd_data | Arquivo de log rotativo corrente: /Users/Renato/Library/CloudStorage/OneDrive-TesouroNacional/Documentos/Trabalhos/COGEP/Emissão Externa/Recent Developments/RD-dados-automatizados/Coleta de Dados/rd_data_multiarquivo/logs/current/rd_data_current.log
2026-03-21 11:50:46 | INFO | rd_data | Configuração validada com sucesso.
2026-03-21 11:50:46 | INFO | rd_data | Iniciando coleta de dados SGS mensais, diários e anuais.
2026-03-21 11:51:06 | INFO | rd_data | Coleta mensal concluída com 87 linhas e 31 colunas.
2026-03-21 11:51:06 | INFO | rd_data | Coleta diária concluída com 5 linhas e 1 colunas (janela iniciada em 2026-03-14).
2026-03-21 11:51:13 | INFO | rd_data | Coleta anual concluída com 7 linhas e 13 colunas.
2026-03-21 11:51:13 | INFO | rd_data | Coletando séries SIDRA de população e desemprego.
2026-03-21 11:51:13 | INFO | rd_data | Extraindo DPF do arquivo RMD: Anexo RMD_Janeiro_26.xlsx
2026-03-21 11:51:16 | INFO | rd_data | Validação dos dados brutos concluída com sucesso.
2026-03-21 11:51:16 | INFO | rd_data | Iniciando processamento dos dados brutos.
2026-03-21 11:51:16 | INFO | rd_data | Views anuais de PIB e setor externo preparadas.
2026-03-21 11:51:16 | INFO | rd_data | Bloco de câmbio diário preparado com 5 linhas.
2026-03-21 11:51:16 | INFO | rd_data | Blocos mensais preparados: preços=87 linhas, externo=87 linhas, fiscal=87 linhas.
2026-03-21 11:51:16 | INFO | rd_data | Bloco anual de preços e juros preparado com 8 linhas.
2026-03-21 11:51:16 | INFO | rd_data | Saídas anuais complementares preparadas.
2026-03-21 11:51:16 | INFO | rd_data | Validação dos dados processados concluída.
2026-03-21 11:51:16 | INFO | rd_data | Montando tabelas finais de exportação.
2026-03-21 11:51:16 | INFO | rd_data | Tabelas de exportação montadas e validadas com sucesso.
2026-03-21 11:51:16 | INFO | rd_data | Padronizando nomenclatura das colunas exportadas.
2026-03-21 11:51:16 | INFO | rd_data | Padronização de nomenclatura concluída.
2026-03-21 11:51:16 | INFO | rd_data | Iniciando exportação para Excel: /Users/Renato/Library/CloudStorage/OneDrive-TesouroNacional/Documentos/Trabalhos/COGEP/Emissão Externa/Recent Developments/RD-dados-automatizados/Coleta de Dados/rd_data_multiarquivo/Recent Developments Data.xlsx
2026-03-21 11:51:16 | INFO | rd_data | Exportando aba 'Mensal_Monetario' com 87 linhas e 12 colunas.
2026-03-21 11:51:16 | INFO | rd_data | Exportando aba 'Mensal_Fiscal' com 87 linhas e 15 colunas.
2026-03-21 11:51:16 | INFO | rd_data | Exportando aba 'câmbio diário' com 5 linhas e 3 colunas.
2026-03-21 11:51:16 | INFO | rd_data | Exportando aba 'Mensal_Externo' com 87 linhas e 13 colunas.
2026-03-21 11:51:16 | INFO | rd_data | Exportando aba 'Trimestral_Pop_Desemp' com 24 linhas e 3 colunas.
2026-03-21 11:51:16 | INFO | rd_data | Exportando aba 'PIB_e_outros' com 7 linhas e 13 colunas.
2026-03-21 11:51:16 | INFO | rd_data | Exportando aba 'Anual_Precos_Juros' com 8 linhas e 5 colunas.
2026-03-21 11:51:16 | INFO | rd_data | Exportando aba 'Anual_SetorExterno' com 7 linhas e 8 colunas.
2026-03-21 11:51:16 | INFO | rd_data | Exportação concluída com sucesso.
2026-03-21 11:51:16 | INFO | rd_data | Resumo final da execução:
2026-03-21 11:51:16 | INFO | rd_data | - arquivo Excel: /Users/Renato/Library/CloudStorage/OneDrive-TesouroNacional/Documentos/Trabalhos/COGEP/Emissão Externa/Recent Developments/RD-dados-automatizados/Coleta de Dados/rd_data_multiarquivo/Recent Developments Data.xlsx
2026-03-21 11:51:16 | INFO | rd_data | - arquivo de log da execução: /Users/Renato/Library/CloudStorage/OneDrive-TesouroNacional/Documentos/Trabalhos/COGEP/Emissão Externa/Recent Developments/RD-dados-automatizados/Coleta de Dados/rd_data_multiarquivo/logs/rd_data_20260321_115046.log
2026-03-21 11:51:16 | INFO | rd_data | - arquivo de log de erros: /Users/Renato/Library/CloudStorage/OneDrive-TesouroNacional/Documentos/Trabalhos/COGEP/Emissão Externa/Recent Developments/RD-dados-automatizados/Coleta de Dados/rd_data_multiarquivo/logs/rd_data_errors_20260321_115046.log
2026-03-21 11:51:16 | INFO | rd_data | - arquivo de log rotativo: /Users/Renato/Library/CloudStorage/OneDrive-TesouroNacional/Documentos/Trabalhos/COGEP/Emissão Externa/Recent Developments/RD-dados-automatizados/Coleta de Dados/rd_data_multiarquivo/logs/current/rd_data_current.log
2026-03-21 11:51:16 | INFO | rd_data | - total de abas exportadas: 8
2026-03-21 11:51:16 | INFO | rd_data | - total de linhas exportadas: 312
2026-03-21 11:51:16 | INFO | rd_data | - total de colunas exportadas: 72
2026-03-21 11:51:16 | INFO | rd_data | - tempo total (s): 29.415
2026-03-21 11:51:16 | INFO | rd_data | Validações concluídas sem avisos.
2026-03-21 12:08:58 | INFO | rd_data | Iniciando execução do script Recent Developments Data.
2026-03-21 12:08:58 | INFO | rd_data | Arquivo de log desta execução: /Users/Renato/Library/CloudStorage/OneDrive-TesouroNacional/Documentos/Trabalhos/COGEP/Emissão Externa/Recent Developments/RD-dados-automatizados/Coleta de Dados/rd_data_multiarquivo/logs/rd_data_20260321_120858.log
2026-03-21 12:08:58 | INFO | rd_data | Arquivo de log de erros desta execução: /Users/Renato/Library/CloudStorage/OneDrive-TesouroNacional/Documentos/Trabalhos/COGEP/Emissão Externa/Recent Developments/RD-dados-automatizados/Coleta de Dados/rd_data_multiarquivo/logs/rd_data_errors_20260321_120858.log
2026-03-21 12:08:58 | INFO | rd_data | Arquivo de log rotativo corrente: /Users/Renato/Library/CloudStorage/OneDrive-TesouroNacional/Documentos/Trabalhos/COGEP/Emissão Externa/Recent Developments/RD-dados-automatizados/Coleta de Dados/rd_data_multiarquivo/logs/current/rd_data_current.log
2026-03-21 12:08:58 | INFO | rd_data | Configuração validada com sucesso.
2026-03-21 12:08:58 | INFO | rd_data | Iniciando coleta de dados SGS mensais, diários e anuais.
2026-03-21 12:09:19 | INFO | rd_data | Coleta mensal concluída com 87 linhas e 31 colunas.
2026-03-21 12:09:19 | INFO | rd_data | Coleta diária concluída com 5 linhas e 1 colunas (janela iniciada em 2026-03-14).
2026-03-21 12:09:26 | INFO | rd_data | Coleta anual concluída com 7 linhas e 13 colunas.
2026-03-21 12:09:26 | INFO | rd_data | Coletando séries SIDRA de população e desemprego.
2026-03-21 12:09:27 | INFO | rd_data | Coletando série SIDRA de taxa de desocupação em trimestre móvel mensal (tabela 6381).
2026-03-21 12:09:27 | INFO | rd_data | Extraindo DPF do arquivo RMD: Anexo RMD_Janeiro_26.xlsx
2026-03-21 12:09:30 | INFO | rd_data | Validação dos dados brutos concluída com sucesso.
2026-03-21 12:09:30 | INFO | rd_data | Iniciando processamento dos dados brutos.
2026-03-21 12:09:30 | INFO | rd_data | Views anuais de PIB e setor externo preparadas.
2026-03-21 12:09:30 | INFO | rd_data | Bloco de câmbio diário preparado com 5 linhas.
2026-03-21 12:09:30 | INFO | rd_data | Blocos mensais preparados: preços=87 linhas, externo=87 linhas, fiscal=87 linhas.
2026-03-21 12:09:30 | INFO | rd_data | Bloco anual de preços e juros preparado com 8 linhas.
2026-03-21 12:09:30 | INFO | rd_data | Saídas anuais complementares preparadas.
2026-03-21 12:09:30 | INFO | rd_data | Validação dos dados processados concluída.
2026-03-21 12:09:30 | INFO | rd_data | Montando tabelas finais de exportação.
2026-03-21 12:09:30 | INFO | rd_data | Tabelas de exportação montadas e validadas com sucesso.
2026-03-21 12:09:30 | INFO | rd_data | Padronizando nomenclatura das colunas exportadas.
2026-03-21 12:09:30 | INFO | rd_data | Padronização de nomenclatura concluída.
2026-03-21 12:09:30 | INFO | rd_data | Iniciando exportação para Excel: /Users/Renato/Library/CloudStorage/OneDrive-TesouroNacional/Documentos/Trabalhos/COGEP/Emissão Externa/Recent Developments/RD-dados-automatizados/Coleta de Dados/rd_data_multiarquivo/Recent Developments Data.xlsx
2026-03-21 12:09:30 | INFO | rd_data | Exportando aba 'Mensal_Monetario' com 87 linhas e 13 colunas.
2026-03-21 12:09:30 | INFO | rd_data | Exportando aba 'Mensal_Fiscal' com 87 linhas e 15 colunas.
2026-03-21 12:09:30 | INFO | rd_data | Exportando aba 'câmbio diário' com 5 linhas e 3 colunas.
2026-03-21 12:09:30 | INFO | rd_data | Exportando aba 'Mensal_Externo' com 87 linhas e 13 colunas.
2026-03-21 12:09:30 | INFO | rd_data | Exportando aba 'Trimestral_Pop_Desemp' com 24 linhas e 3 colunas.
2026-03-21 12:09:30 | INFO | rd_data | Exportando aba 'PIB_e_outros' com 7 linhas e 13 colunas.
2026-03-21 12:09:30 | INFO | rd_data | Exportando aba 'Anual_Precos_Juros' com 8 linhas e 5 colunas.
2026-03-21 12:09:30 | INFO | rd_data | Exportando aba 'Anual_SetorExterno' com 7 linhas e 8 colunas.
2026-03-21 12:09:30 | INFO | rd_data | Exportação concluída com sucesso.
2026-03-21 12:09:30 | INFO | rd_data | Resumo final da execução:
2026-03-21 12:09:30 | INFO | rd_data | - arquivo Excel: /Users/Renato/Library/CloudStorage/OneDrive-TesouroNacional/Documentos/Trabalhos/COGEP/Emissão Externa/Recent Developments/RD-dados-automatizados/Coleta de Dados/rd_data_multiarquivo/Recent Developments Data.xlsx
2026-03-21 12:09:30 | INFO | rd_data | - arquivo de log da execução: /Users/Renato/Library/CloudStorage/OneDrive-TesouroNacional/Documentos/Trabalhos/COGEP/Emissão Externa/Recent Developments/RD-dados-automatizados/Coleta de Dados/rd_data_multiarquivo/logs/rd_data_20260321_120858.log
2026-03-21 12:09:30 | INFO | rd_data | - arquivo de log de erros: /Users/Renato/Library/CloudStorage/OneDrive-TesouroNacional/Documentos/Trabalhos/COGEP/Emissão Externa/Recent Developments/RD-dados-automatizados/Coleta de Dados/rd_data_multiarquivo/logs/rd_data_errors_20260321_120858.log
2026-03-21 12:09:30 | INFO | rd_data | - arquivo de log rotativo: /Users/Renato/Library/CloudStorage/OneDrive-TesouroNacional/Documentos/Trabalhos/COGEP/Emissão Externa/Recent Developments/RD-dados-automatizados/Coleta de Dados/rd_data_multiarquivo/logs/current/rd_data_current.log
2026-03-21 12:09:30 | INFO | rd_data | - total de abas exportadas: 8
2026-03-21 12:09:30 | INFO | rd_data | - total de linhas exportadas: 312
2026-03-21 12:09:30 | INFO | rd_data | - total de colunas exportadas: 73
2026-03-21 12:09:30 | INFO | rd_data | - tempo total (s): 31.888
2026-03-21 12:09:30 | INFO | rd_data | Validações concluídas sem avisos.
2026-03-21 17:48:30 | INFO | rd_data | Iniciando execução pelo Streamlit.
2026-03-21 17:48:30 | INFO | rd_data | Iniciando coleta de dados SGS mensais, diários e anuais.
2026-03-21 17:48:52 | INFO | rd_data | Coleta mensal concluída com 87 linhas e 31 colunas.
2026-03-21 17:48:52 | INFO | rd_data | Coleta diária concluída com 36 linhas e 1 colunas (janela iniciada em 2026-01-28).
2026-03-21 17:48:58 | INFO | rd_data | Coleta anual concluída com 7 linhas e 13 colunas.
2026-03-21 17:48:58 | INFO | rd_data | Coletando séries SIDRA de população e desemprego.
2026-03-21 17:48:58 | INFO | rd_data | Coletando série SIDRA de taxa de desocupação em trimestre móvel mensal (tabela 6381).
2026-03-21 17:48:59 | INFO | rd_data | Extraindo DPF do arquivo RMD: /var/folders/pc/bwzcb2zj4n1g1xsf4hz_tm980000gn/T/tmp9oz57atf.xlsx
2026-03-21 17:49:03 | INFO | rd_data | Validação dos dados brutos concluída com sucesso.
2026-03-21 17:49:03 | INFO | rd_data | Iniciando processamento dos dados brutos.
2026-03-21 17:49:03 | INFO | rd_data | Views anuais de PIB e setor externo preparadas.
2026-03-21 17:49:03 | INFO | rd_data | Bloco de câmbio diário preparado com 7 linhas.
2026-03-21 17:49:03 | INFO | rd_data | Blocos mensais preparados: preços=87 linhas, externo=87 linhas, fiscal=87 linhas.
2026-03-21 17:49:03 | INFO | rd_data | Bloco anual de preços e juros preparado com 8 linhas.
2026-03-21 17:49:03 | INFO | rd_data | Saídas anuais complementares preparadas.
2026-03-21 17:49:03 | INFO | rd_data | Validação dos dados processados concluída.
2026-03-21 17:49:03 | INFO | rd_data | Montando tabelas finais de exportação.
2026-03-21 17:49:03 | INFO | rd_data | Tabelas de exportação montadas e validadas com sucesso.
2026-03-21 17:49:03 | INFO | rd_data | Padronizando nomenclatura das colunas exportadas.
2026-03-21 17:49:03 | INFO | rd_data | Padronização de nomenclatura concluída.
2026-03-21 17:49:03 | INFO | rd_data | Iniciando exportação para Excel: /Users/Renato/Library/CloudStorage/OneDrive-TesouroNacional/Documentos/Trabalhos/COGEP/Emissão Externa/Recent Developments/RD-dados-automatizados/Coleta de Dados/rd_data_multiarquivo/Recent Developments Data.xlsx
2026-03-21 17:49:03 | INFO | rd_data | Exportando aba 'Mensal_Monetario' com 87 linhas e 13 colunas.
2026-03-21 17:49:03 | INFO | rd_data | Exportando aba 'Mensal_Fiscal' com 87 linhas e 15 colunas.
2026-03-21 17:49:03 | INFO | rd_data | Exportando aba 'câmbio diário' com 7 linhas e 3 colunas.
2026-03-21 17:49:03 | INFO | rd_data | Exportando aba 'Mensal_Externo' com 87 linhas e 13 colunas.
2026-03-21 17:49:03 | INFO | rd_data | Exportando aba 'Trimestral_Pop_Desemp' com 24 linhas e 3 colunas.
2026-03-21 17:49:03 | INFO | rd_data | Exportando aba 'PIB_e_outros' com 7 linhas e 13 colunas.
2026-03-21 17:49:03 | INFO | rd_data | Exportando aba 'Anual_Precos_Juros' com 8 linhas e 5 colunas.
2026-03-21 17:49:03 | INFO | rd_data | Exportando aba 'Anual_SetorExterno' com 7 linhas e 8 colunas.
2026-03-21 17:49:03 | INFO | rd_data | Exportação concluída com sucesso.
2026-03-21 17:49:03 | INFO | rd_data | Resumo final da execução:
2026-03-21 17:49:03 | INFO | rd_data | - arquivo Excel: /Users/Renato/Library/CloudStorage/OneDrive-TesouroNacional/Documentos/Trabalhos/COGEP/Emissão Externa/Recent Developments/RD-dados-automatizados/Coleta de Dados/rd_data_multiarquivo/Recent Developments Data.xlsx
2026-03-21 17:49:03 | INFO | rd_data | - arquivo de log da execução: /Users/Renato/Library/CloudStorage/OneDrive-TesouroNacional/Documentos/Trabalhos/COGEP/Emissão Externa/Recent Developments/RD-dados-automatizados/Coleta de Dados/rd_data_multiarquivo/logs/rd_data_20260321_174830.log
2026-03-21 17:49:03 | INFO | rd_data | - arquivo de log de erros: /Users/Renato/Library/CloudStorage/OneDrive-TesouroNacional/Documentos/Trabalhos/COGEP/Emissão Externa/Recent Developments/RD-dados-automatizados/Coleta de Dados/rd_data_multiarquivo/logs/rd_data_errors_20260321_174830.log
2026-03-21 17:49:03 | INFO | rd_data | - arquivo de log rotativo: /Users/Renato/Library/CloudStorage/OneDrive-TesouroNacional/Documentos/Trabalhos/COGEP/Emissão Externa/Recent Developments/RD-dados-automatizados/Coleta de Dados/rd_data_multiarquivo/logs/current/rd_data_current.log
2026-03-21 17:49:03 | INFO | rd_data | - total de abas exportadas: 8
2026-03-21 17:49:03 | INFO | rd_data | - total de linhas exportadas: 314
2026-03-21 17:49:03 | INFO | rd_data | - total de colunas exportadas: 73
2026-03-21 17:49:03 | INFO | rd_data | - tempo total (s): 32.919
2026-03-21 17:49:03 | INFO | rd_data | Validações concluídas sem avisos.
2026-03-21 17:50:54 | INFO | rd_data | Iniciando execução pelo Streamlit.
2026-03-21 17:50:54 | INFO | rd_data | Iniciando coleta de dados SGS mensais, diários e anuais.
2026-03-21 17:51:07 | INFO | rd_data | Coleta mensal concluída com 87 linhas e 31 colunas.
2026-03-21 17:51:07 | INFO | rd_data | Coleta diária concluída com 36 linhas e 1 colunas (janela iniciada em 2026-01-28).
2026-03-21 17:51:10 | INFO | rd_data | Coleta anual concluída com 7 linhas e 13 colunas.
2026-03-21 17:51:10 | INFO | rd_data | Coletando séries SIDRA de população e desemprego.
2026-03-21 17:51:11 | INFO | rd_data | Coletando série SIDRA de taxa de desocupação em trimestre móvel mensal (tabela 6381).
2026-03-21 17:51:11 | INFO | rd_data | Extraindo DPF do arquivo RMD: /var/folders/pc/bwzcb2zj4n1g1xsf4hz_tm980000gn/T/tmputg5y1qk.xlsx
2026-03-21 17:51:15 | INFO | rd_data | Validação dos dados brutos concluída com sucesso.
2026-03-21 17:51:15 | INFO | rd_data | Iniciando processamento dos dados brutos.
2026-03-21 17:51:15 | INFO | rd_data | Views anuais de PIB e setor externo preparadas.
2026-03-21 17:51:15 | INFO | rd_data | Bloco de câmbio diário preparado com 7 linhas.
2026-03-21 17:51:15 | INFO | rd_data | Blocos mensais preparados: preços=87 linhas, externo=87 linhas, fiscal=87 linhas.
2026-03-21 17:51:15 | INFO | rd_data | Bloco anual de preços e juros preparado com 8 linhas.
2026-03-21 17:51:15 | INFO | rd_data | Saídas anuais complementares preparadas.
2026-03-21 17:51:15 | INFO | rd_data | Validação dos dados processados concluída.
2026-03-21 17:51:15 | INFO | rd_data | Montando tabelas finais de exportação.
2026-03-21 17:51:15 | INFO | rd_data | Tabelas de exportação montadas e validadas com sucesso.
2026-03-21 17:51:15 | INFO | rd_data | Padronizando nomenclatura das colunas exportadas.
2026-03-21 17:51:15 | INFO | rd_data | Padronização de nomenclatura concluída.
2026-03-21 17:51:15 | INFO | rd_data | Iniciando exportação para Excel: /Users/Renato/Library/CloudStorage/OneDrive-TesouroNacional/Documentos/Trabalhos/COGEP/Emissão Externa/Recent Developments/RD-dados-automatizados/Coleta de Dados/rd_data_multiarquivo/Recent Developments Data.xlsx
2026-03-21 17:51:15 | INFO | rd_data | Exportando aba 'Mensal_Monetario' com 87 linhas e 13 colunas.
2026-03-21 17:51:15 | INFO | rd_data | Exportando aba 'Mensal_Fiscal' com 87 linhas e 15 colunas.
2026-03-21 17:51:15 | INFO | rd_data | Exportando aba 'câmbio diário' com 7 linhas e 3 colunas.
2026-03-21 17:51:15 | INFO | rd_data | Exportando aba 'Mensal_Externo' com 87 linhas e 13 colunas.
2026-03-21 17:51:15 | INFO | rd_data | Exportando aba 'Trimestral_Pop_Desemp' com 24 linhas e 3 colunas.
2026-03-21 17:51:15 | INFO | rd_data | Exportando aba 'PIB_e_outros' com 7 linhas e 13 colunas.
2026-03-21 17:51:15 | INFO | rd_data | Exportando aba 'Anual_Precos_Juros' com 8 linhas e 5 colunas.
2026-03-21 17:51:15 | INFO | rd_data | Exportando aba 'Anual_SetorExterno' com 7 linhas e 8 colunas.
2026-03-21 17:51:15 | INFO | rd_data | Exportação concluída com sucesso.
2026-03-21 17:51:15 | INFO | rd_data | Resumo final da execução:
2026-03-21 17:51:15 | INFO | rd_data | - arquivo Excel: /Users/Renato/Library/CloudStorage/OneDrive-TesouroNacional/Documentos/Trabalhos/COGEP/Emissão Externa/Recent Developments/RD-dados-automatizados/Coleta de Dados/rd_data_multiarquivo/Recent Developments Data.xlsx
2026-03-21 17:51:15 | INFO | rd_data | - arquivo de log da execução: /Users/Renato/Library/CloudStorage/OneDrive-TesouroNacional/Documentos/Trabalhos/COGEP/Emissão Externa/Recent Developments/RD-dados-automatizados/Coleta de Dados/rd_data_multiarquivo/logs/rd_data_20260321_175054.log
2026-03-21 17:51:15 | INFO | rd_data | - arquivo de log de erros: /Users/Renato/Library/CloudStorage/OneDrive-TesouroNacional/Documentos/Trabalhos/COGEP/Emissão Externa/Recent Developments/RD-dados-automatizados/Coleta de Dados/rd_data_multiarquivo/logs/rd_data_errors_20260321_175054.log
2026-03-21 17:51:15 | INFO | rd_data | - arquivo de log rotativo: /Users/Renato/Library/CloudStorage/OneDrive-TesouroNacional/Documentos/Trabalhos/COGEP/Emissão Externa/Recent Developments/RD-dados-automatizados/Coleta de Dados/rd_data_multiarquivo/logs/current/rd_data_current.log
2026-03-21 17:51:15 | INFO | rd_data | - total de abas exportadas: 8
2026-03-21 17:51:15 | INFO | rd_data | - total de linhas exportadas: 314
2026-03-21 17:51:15 | INFO | rd_data | - total de colunas exportadas: 73
2026-03-21 17:51:15 | INFO | rd_data | - tempo total (s): 20.974
2026-03-21 17:51:15 | INFO | rd_data | Validações concluídas sem avisos.
2026-03-21 18:03:39 | INFO | rd_data | Iniciando execução pelo Streamlit.
2026-03-21 18:03:39 | INFO | rd_data | Iniciando coleta de dados SGS mensais, diários e anuais.
2026-03-21 18:04:29 | INFO | rd_data | Coleta mensal concluída com 87 linhas e 31 colunas.
2026-03-21 18:04:29 | INFO | rd_data | Coleta diária concluída com 6 linhas e 1 colunas (janela iniciada em 2026-03-13).
2026-03-21 18:04:35 | INFO | rd_data | Coleta anual concluída com 7 linhas e 13 colunas.
2026-03-21 18:04:35 | INFO | rd_data | Coletando séries SIDRA de população e desemprego.
2026-03-21 18:04:35 | INFO | rd_data | Coletando série SIDRA de taxa de desocupação em trimestre móvel mensal (tabela 6381).
2026-03-21 18:04:36 | INFO | rd_data | Extraindo DPF do arquivo RMD: /var/folders/pc/bwzcb2zj4n1g1xsf4hz_tm980000gn/T/tmps3kp0l8x.xlsx
2026-03-21 18:04:39 | INFO | rd_data | Validação dos dados brutos concluída com sucesso.
2026-03-21 18:04:39 | INFO | rd_data | Iniciando processamento dos dados brutos.
2026-03-21 18:04:39 | INFO | rd_data | Views anuais de PIB e setor externo preparadas.
2026-03-21 18:04:39 | INFO | rd_data | Bloco de câmbio diário preparado com 6 linhas.
2026-03-21 18:04:39 | INFO | rd_data | Blocos mensais preparados: preços=87 linhas, externo=87 linhas, fiscal=87 linhas.
2026-03-21 18:04:39 | INFO | rd_data | Bloco anual de preços e juros preparado com 8 linhas.
2026-03-21 18:04:39 | INFO | rd_data | Saídas anuais complementares preparadas.
2026-03-21 18:04:39 | INFO | rd_data | Validação dos dados processados concluída.
2026-03-21 18:04:39 | INFO | rd_data | Montando tabelas finais de exportação.
2026-03-21 18:04:39 | INFO | rd_data | Tabelas de exportação montadas e validadas com sucesso.
2026-03-21 18:04:39 | INFO | rd_data | Padronizando nomenclatura das colunas exportadas.
2026-03-21 18:04:39 | INFO | rd_data | Padronização de nomenclatura concluída.
2026-03-21 18:04:39 | INFO | rd_data | Iniciando exportação para Excel: /Users/Renato/Library/CloudStorage/OneDrive-TesouroNacional/Documentos/Trabalhos/COGEP/Emissão Externa/Recent Developments/RD-dados-automatizados/Coleta de Dados/rd_data_multiarquivo/Recent Developments Data.xlsx
2026-03-21 18:04:39 | INFO | rd_data | Exportando aba 'Mensal_Monetario' com 87 linhas e 13 colunas.
2026-03-21 18:04:39 | INFO | rd_data | Exportando aba 'Mensal_Fiscal' com 87 linhas e 15 colunas.
2026-03-21 18:04:39 | INFO | rd_data | Exportando aba 'câmbio diário' com 6 linhas e 3 colunas.
2026-03-21 18:04:39 | INFO | rd_data | Exportando aba 'Mensal_Externo' com 87 linhas e 13 colunas.
2026-03-21 18:04:39 | INFO | rd_data | Exportando aba 'Trimestral_Pop_Desemp' com 24 linhas e 3 colunas.
2026-03-21 18:04:39 | INFO | rd_data | Exportando aba 'PIB_e_outros' com 7 linhas e 13 colunas.
2026-03-21 18:04:39 | INFO | rd_data | Exportando aba 'Anual_Precos_Juros' com 8 linhas e 5 colunas.
2026-03-21 18:04:39 | INFO | rd_data | Exportando aba 'Anual_SetorExterno' com 7 linhas e 8 colunas.
2026-03-21 18:04:39 | INFO | rd_data | Exportação concluída com sucesso.
2026-03-21 18:04:39 | INFO | rd_data | Resumo final da execução:
2026-03-21 18:04:39 | INFO | rd_data | - arquivo Excel: /Users/Renato/Library/CloudStorage/OneDrive-TesouroNacional/Documentos/Trabalhos/COGEP/Emissão Externa/Recent Developments/RD-dados-automatizados/Coleta de Dados/rd_data_multiarquivo/Recent Developments Data.xlsx
2026-03-21 18:04:39 | INFO | rd_data | - arquivo de log da execução: /Users/Renato/Library/CloudStorage/OneDrive-TesouroNacional/Documentos/Trabalhos/COGEP/Emissão Externa/Recent Developments/RD-dados-automatizados/Coleta de Dados/rd_data_multiarquivo/logs/rd_data_20260321_180339.log
2026-03-21 18:04:39 | INFO | rd_data | - arquivo de log de erros: /Users/Renato/Library/CloudStorage/OneDrive-TesouroNacional/Documentos/Trabalhos/COGEP/Emissão Externa/Recent Developments/RD-dados-automatizados/Coleta de Dados/rd_data_multiarquivo/logs/rd_data_errors_20260321_180339.log
2026-03-21 18:04:39 | INFO | rd_data | - arquivo de log rotativo: /Users/Renato/Library/CloudStorage/OneDrive-TesouroNacional/Documentos/Trabalhos/COGEP/Emissão Externa/Recent Developments/RD-dados-automatizados/Coleta de Dados/rd_data_multiarquivo/logs/current/rd_data_current.log
2026-03-21 18:04:39 | INFO | rd_data | - total de abas exportadas: 8
2026-03-21 18:04:39 | INFO | rd_data | - total de linhas exportadas: 313
2026-03-21 18:04:39 | INFO | rd_data | - total de colunas exportadas: 73
2026-03-21 18:04:39 | INFO | rd_data | - tempo total (s): 59.352
2026-03-21 18:04:39 | INFO | rd_data | Validações concluídas sem avisos.
