2026-03-10 18:50:07 | INFO | rd_data | Iniciando execução do script Recent Developments Data.
2026-03-10 18:50:07 | INFO | rd_data | Arquivo de log desta execução: C:\Users\User\OneDrive - Tesouro Nacional\Documentos\Trabalhos\Dívida\Emissão Externa\Recent Developments\RD-dados-automatizados\Coleta de Dados\rd_data_multiarquivo\logs\rd_data_20260310_185007.log
2026-03-10 18:50:07 | INFO | rd_data | Arquivo de log de erros desta execução: C:\Users\User\OneDrive - Tesouro Nacional\Documentos\Trabalhos\Dívida\Emissão Externa\Recent Developments\RD-dados-automatizados\Coleta de Dados\rd_data_multiarquivo\logs\rd_data_errors_20260310_185007.log
2026-03-10 18:50:07 | INFO | rd_data | Arquivo de log rotativo corrente: C:\Users\User\OneDrive - Tesouro Nacional\Documentos\Trabalhos\Dívida\Emissão Externa\Recent Developments\RD-dados-automatizados\Coleta de Dados\rd_data_multiarquivo\logs\current\rd_data_current.log
2026-03-10 18:50:07 | INFO | rd_data | Configuração validada com sucesso.
2026-03-10 18:50:07 | INFO | rd_data | Iniciando coleta de dados SGS mensais, diários e anuais.
2026-03-10 18:51:05 | ERROR | rd_data | Falha na execução do script: Expected object or value
Traceback (most recent call last):
  File "C:\Users\User\OneDrive - Tesouro Nacional\Documentos\Trabalhos\Dívida\Emissão Externa\Recent Developments\RD-dados-automatizados\Coleta de Dados\rd_data_multiarquivo\main.py", line 30, in main
    raw = collect_data(cfg, logger)
  File "C:\Users\User\OneDrive - Tesouro Nacional\Documentos\Trabalhos\Dívida\Emissão Externa\Recent Developments\RD-dados-automatizados\Coleta de Dados\rd_data_multiarquivo\collectors.py", line 11, in collect_data
    dados_mensais_raw = fetch_sgs(cfg["series_mensais"], cfg["START_SGS"])
  File "C:\Users\User\OneDrive - Tesouro Nacional\Documentos\Trabalhos\Dívida\Emissão Externa\Recent Developments\RD-dados-automatizados\Coleta de Dados\rd_data_multiarquivo\utils.py", line 16, in fetch_sgs
    df = sgs.get(list(series.values()), start=start)
  File "C:\Users\User\AppData\Local\Programs\Python\Python314\Lib\site-packages\bcb\sgs\__init__.py", line 138, in get
    df = pd.read_json(StringIO(text))
  File "C:\Users\User\AppData\Local\Programs\Python\Python314\Lib\site-packages\pandas\io\json\_json.py", line 815, in read_json
    return json_reader.read()
           ~~~~~~~~~~~~~~~~^^
  File "C:\Users\User\AppData\Local\Programs\Python\Python314\Lib\site-packages\pandas\io\json\_json.py", line 1014, in read
    obj = self._get_object_parser(self.data)
  File "C:\Users\User\AppData\Local\Programs\Python\Python314\Lib\site-packages\pandas\io\json\_json.py", line 1040, in _get_object_parser
    obj = FrameParser(json, **kwargs).parse()
  File "C:\Users\User\AppData\Local\Programs\Python\Python314\Lib\site-packages\pandas\io\json\_json.py", line 1176, in parse
    self._parse()
    ~~~~~~~~~~~^^
  File "C:\Users\User\AppData\Local\Programs\Python\Python314\Lib\site-packages\pandas\io\json\_json.py", line 1392, in _parse
    ujson_loads(json, precise_float=self.precise_float), dtype=None
    ~~~~~~~~~~~^^^^^^^^^^^^^^^^^^^^^^^^^^^^^^^^^^^^^^^^
ValueError: Expected object or value
